<?xml version="1.0" encoding="UTF-8"?>
<coverage generated="1680503712897" clover="3.2.0">
  <project timestamp="1680503712897" name="All files">
    <metrics statements="21" coveredstatements="21" conditionals="23" coveredconditionals="22" methods="7" coveredmethods="7" elements="51" coveredelements="50" complexity="0" loc="21" ncloc="21" packages="1" files="1" classes="1"/>
    <file name="gameboard.js" path="/home/thaddaeus/Desktop/Projects/battleship/src/game-logic/gameboard.js">
      <metrics statements="21" coveredstatements="21" conditionals="23" coveredconditionals="22" methods="7" coveredmethods="7"/>
      <line num="3" count="160" type="stmt"/>
      <line num="4" count="16" type="stmt"/>
      <line num="7" count="92" type="stmt"/>
      <line num="10" count="11" type="cond" truecount="2" falsecount="0"/>
      <line num="11" count="11" type="cond" truecount="2" falsecount="0"/>
      <line num="12" count="11" type="stmt"/>
      <line num="13" count="34" type="cond" truecount="2" falsecount="0"/>
      <line num="14" count="16" type="cond" truecount="2" falsecount="0"/>
      <line num="15" count="18" type="cond" truecount="2" falsecount="0"/>
      <line num="17" count="3" type="stmt"/>
      <line num="20" count="8" type="stmt"/>
      <line num="24" count="20" type="cond" truecount="2" falsecount="0"/>
      <line num="27" count="20" type="cond" truecount="5" falsecount="0"/>
      <line num="31" count="20" type="stmt"/>
      <line num="38" count="4" type="cond" truecount="1" falsecount="1"/>
      <line num="40" count="4" type="stmt"/>
      <line num="42" count="4" type="stmt"/>
      <line num="43" count="16" type="cond" truecount="2" falsecount="0"/>
      <line num="44" count="8" type="stmt"/>
      <line num="46" count="8" type="stmt"/>
      <line num="48" count="16" type="stmt"/>
    </file>
  </project>
</coverage>
