<?xml version="1.0" encoding="UTF-8"?>
<coverage generated="1680681237411" clover="3.2.0">
  <project timestamp="1680681237411" name="All files">
    <metrics statements="77" coveredstatements="76" conditionals="61" coveredconditionals="55" methods="24" coveredmethods="24" elements="162" coveredelements="155" complexity="0" loc="77" ncloc="77" packages="2" files="4" classes="4"/>
    <package name="game-logic">
      <metrics statements="68" coveredstatements="68" conditionals="55" coveredconditionals="52" methods="21" coveredmethods="21"/>
      <file name="gameboard.js" path="/home/thaddaeus/Desktop/Projects/battleship/src/game-logic/gameboard.js">
        <metrics statements="34" coveredstatements="34" conditionals="33" coveredconditionals="31" methods="11" coveredmethods="11"/>
        <line num="6" count="300" type="stmt"/>
        <line num="7" count="30" type="stmt"/>
        <line num="8" count="30" type="stmt"/>
        <line num="11" count="5363" type="stmt"/>
        <line num="14" count="6" type="stmt"/>
        <line num="18" count="1035" type="cond" truecount="2" falsecount="0"/>
        <line num="19" count="1035" type="cond" truecount="2" falsecount="0"/>
        <line num="20" count="1035" type="stmt"/>
        <line num="21" count="3136" type="cond" truecount="2" falsecount="0"/>
        <line num="22" count="3096" type="cond" truecount="2" falsecount="0"/>
        <line num="23" count="40" type="cond" truecount="2" falsecount="0"/>
        <line num="25" count="329" type="stmt"/>
        <line num="28" count="706" type="stmt"/>
        <line num="32" count="44" type="cond" truecount="2" falsecount="0"/>
        <line num="35" count="44" type="cond" truecount="5" falsecount="0"/>
        <line num="39" count="44" type="stmt"/>
        <line num="46" count="28" type="cond" truecount="1" falsecount="1"/>
        <line num="48" count="28" type="stmt"/>
        <line num="49" count="28" type="stmt"/>
        <line num="50" count="28" type="stmt"/>
        <line num="51" count="113" type="cond" truecount="2" falsecount="0"/>
        <line num="52" count="82" type="stmt"/>
        <line num="54" count="31" type="stmt"/>
        <line num="56" count="113" type="stmt"/>
        <line num="59" count="28" type="stmt"/>
        <line num="63" count="17" type="stmt"/>
        <line num="67" count="19" type="cond" truecount="6" falsecount="0"/>
        <line num="69" count="17" type="cond" truecount="2" falsecount="0"/>
        <line num="70" count="7" type="stmt"/>
        <line num="71" count="7" type="stmt"/>
        <line num="74" count="10" type="cond" truecount="1" falsecount="1"/>
        <line num="76" count="10" type="stmt"/>
        <line num="77" count="10" type="stmt"/>
        <line num="79" count="10" type="stmt"/>
      </file>
      <file name="player.js" path="/home/thaddaeus/Desktop/Projects/battleship/src/game-logic/player.js">
        <metrics statements="29" coveredstatements="29" conditionals="20" coveredconditionals="20" methods="7" coveredmethods="7"/>
        <line num="3" count="2" type="stmt"/>
        <line num="4" count="2" type="stmt"/>
        <line num="7" count="20" type="stmt"/>
        <line num="11" count="2" type="stmt"/>
        <line num="12" count="2" type="stmt"/>
        <line num="13" count="8" type="stmt"/>
        <line num="14" count="8" type="stmt"/>
        <line num="17" count="2" type="stmt"/>
        <line num="20" count="1" type="stmt"/>
        <line num="21" count="10" type="cond" truecount="2" falsecount="0"/>
        <line num="23" count="1" type="stmt"/>
        <line num="24" count="10" type="stmt"/>
        <line num="27" count="2" type="stmt"/>
        <line num="28" count="2" type="stmt"/>
        <line num="29" count="10" type="stmt"/>
        <line num="30" count="10" type="stmt"/>
        <line num="32" count="10" type="stmt"/>
        <line num="33" count="10" type="stmt"/>
        <line num="35" count="10" type="cond" truecount="2" falsecount="0"/>
        <line num="36" count="1000" type="cond" truecount="4" falsecount="0"/>
        <line num="38" count="10" type="stmt"/>
        <line num="39" count="10" type="stmt"/>
        <line num="42" count="1000" type="stmt"/>
        <line num="43" count="1000" type="cond" truecount="2" falsecount="0"/>
        <line num="45" count="1000" type="cond" truecount="2" falsecount="0"/>
        <line num="46" count="500" type="cond" truecount="2" falsecount="0"/>
        <line num="47" count="500" type="cond" truecount="2" falsecount="0"/>
        <line num="49" count="500" type="cond" truecount="2" falsecount="0"/>
        <line num="50" count="500" type="cond" truecount="2" falsecount="0"/>
      </file>
      <file name="ship.js" path="/home/thaddaeus/Desktop/Projects/battleship/src/game-logic/ship.js">
        <metrics statements="5" coveredstatements="5" conditionals="2" coveredconditionals="1" methods="3" coveredmethods="3"/>
        <line num="3" count="117" type="stmt"/>
        <line num="4" count="117" type="stmt"/>
        <line num="5" count="117" type="stmt"/>
        <line num="9" count="26" type="cond" truecount="1" falsecount="1"/>
        <line num="13" count="6" type="stmt"/>
      </file>
    </package>
    <package name="tests">
      <metrics statements="9" coveredstatements="8" conditionals="6" coveredconditionals="3" methods="3" coveredmethods="3"/>
      <file name="test-helpers.js" path="/home/thaddaeus/Desktop/Projects/battleship/src/tests/test-helpers.js">
        <metrics statements="9" coveredstatements="8" conditionals="6" coveredconditionals="3" methods="3" coveredmethods="3"/>
        <line num="3" count="4" type="cond" truecount="1" falsecount="1"/>
        <line num="5" count="4" type="cond" truecount="1" falsecount="1"/>
        <line num="8" count="4" type="stmt"/>
        <line num="9" count="16" type="cond" truecount="1" falsecount="1"/>
        <line num="10" count="0" type="stmt"/>
        <line num="12" count="16" type="stmt"/>
        <line num="13" count="16" type="stmt"/>
        <line num="19" count="1" type="stmt"/>
        <line num="20" count="3" type="stmt"/>
      </file>
    </package>
  </project>
</coverage>
