{"/home/thaddaeus/Desktop/Projects/battleship/src/game-logic/gameboard.js": {"path":"/home/thaddaeus/Desktop/Projects/battleship/src/game-logic/gameboard.js","statementMap":{"0":{"start":{"line":3,"column":2},"end":{"line":3,"column":70}},"1":{"start":{"line":3,"column":48},"end":{"line":3,"column":68}},"2":{"start":{"line":7,"column":2},"end":{"line":7,"column":50}},"3":{"start":{"line":7,"column":35},"end":{"line":7,"column":48}},"4":{"start":{"line":11,"column":2},"end":{"line":11,"column":61}},"5":{"start":{"line":15,"column":16},"end":{"line":15,"column":19}},"6":{"start":{"line":16,"column":14},"end":{"line":16,"column":31}},"7":{"start":{"line":17,"column":2},"end":{"line":29,"column":3}},"8":{"start":{"line":18,"column":21},"end":{"line":18,"column":58}},"9":{"start":{"line":19,"column":3},"end":{"line":24,"column":4}},"10":{"start":{"line":23,"column":4},"end":{"line":23,"column":17}},"11":{"start":{"line":26,"column":3},"end":{"line":26,"column":15}},"12":{"start":{"line":28,"column":3},"end":{"line":28,"column":16}},"13":{"start":{"line":33,"column":2},"end":{"line":33,"column":55}},"14":{"start":{"line":33,"column":42},"end":{"line":33,"column":55}},"15":{"start":{"line":35,"column":10},"end":{"line":35,"column":21}},"16":{"start":{"line":36,"column":2},"end":{"line":38,"column":3}},"17":{"start":{"line":37,"column":3},"end":{"line":37,"column":34}},"18":{"start":{"line":39,"column":2},"end":{"line":39,"column":14}}},"fnMap":{"0":{"name":"(anonymous_0)","decl":{"start":{"line":2,"column":1},"end":{"line":2,"column":2}},"loc":{"start":{"line":2,"column":15},"end":{"line":4,"column":2}},"line":2},"1":{"name":"(anonymous_1)","decl":{"start":{"line":3,"column":42},"end":{"line":3,"column":43}},"loc":{"start":{"line":3,"column":48},"end":{"line":3,"column":68}},"line":3},"2":{"name":"(anonymous_2)","decl":{"start":{"line":6,"column":1},"end":{"line":6,"column":2}},"loc":{"start":{"line":6,"column":29},"end":{"line":8,"column":2}},"line":6},"3":{"name":"(anonymous_3)","decl":{"start":{"line":7,"column":25},"end":{"line":7,"column":26}},"loc":{"start":{"line":7,"column":35},"end":{"line":7,"column":48}},"line":7},"4":{"name":"(anonymous_4)","decl":{"start":{"line":10,"column":1},"end":{"line":10,"column":2}},"loc":{"start":{"line":10,"column":30},"end":{"line":12,"column":2}},"line":10},"5":{"name":"(anonymous_5)","decl":{"start":{"line":14,"column":1},"end":{"line":14,"column":2}},"loc":{"start":{"line":14,"column":30},"end":{"line":30,"column":2}},"line":14},"6":{"name":"(anonymous_6)","decl":{"start":{"line":32,"column":1},"end":{"line":32,"column":2}},"loc":{"start":{"line":32,"column":29},"end":{"line":40,"column":2}},"line":32}},"branchMap":{"0":{"loc":{"start":{"line":11,"column":9},"end":{"line":11,"column":60}},"type":"binary-expr","locations":[{"start":{"line":11,"column":9},"end":{"line":11,"column":16}},{"start":{"line":11,"column":20},"end":{"line":11,"column":27}},{"start":{"line":11,"column":31},"end":{"line":11,"column":38}},{"start":{"line":11,"column":42},"end":{"line":11,"column":49}},{"start":{"line":11,"column":53},"end":{"line":11,"column":60}}],"line":11},"1":{"loc":{"start":{"line":19,"column":3},"end":{"line":24,"column":4}},"type":"if","locations":[{"start":{"line":19,"column":3},"end":{"line":24,"column":4}},{"start":{},"end":{}}],"line":19},"2":{"loc":{"start":{"line":20,"column":4},"end":{"line":21,"column":37}},"type":"binary-expr","locations":[{"start":{"line":20,"column":4},"end":{"line":20,"column":37}},{"start":{"line":21,"column":4},"end":{"line":21,"column":37}}],"line":20},"3":{"loc":{"start":{"line":33,"column":2},"end":{"line":33,"column":55}},"type":"if","locations":[{"start":{"line":33,"column":2},"end":{"line":33,"column":55}},{"start":{},"end":{}}],"line":33}},"s":{"0":7,"1":70,"2":5,"3":23,"4":7,"5":9,"6":9,"7":9,"8":9,"9":7,"10":3,"11":4,"12":2,"13":9,"14":5,"15":4,"16":4,"17":15,"18":4},"f":{"0":7,"1":70,"2":5,"3":23,"4":7,"5":9,"6":9},"b":{"0":[7,7,7,7,7],"1":[3,4],"2":[7,5],"3":[5,4]},"_coverageSchema":"1a1c01bbd47fc00a2c39e90264f33305004495a9","hash":"ded866f9c3a49b4a1f7edb27762d65e52b61c032"}
,"/home/thaddaeus/Desktop/Projects/battleship/src/game-logic/ship.js": {"path":"/home/thaddaeus/Desktop/Projects/battleship/src/game-logic/ship.js","statementMap":{"0":{"start":{"line":3,"column":2},"end":{"line":3,"column":23}},"1":{"start":{"line":4,"column":2},"end":{"line":4,"column":20}},"2":{"start":{"line":8,"column":2},"end":{"line":8,"column":56}},"3":{"start":{"line":8,"column":37},"end":{"line":8,"column":56}},"4":{"start":{"line":12,"column":2},"end":{"line":12,"column":39}}},"fnMap":{"0":{"name":"(anonymous_0)","decl":{"start":{"line":2,"column":1},"end":{"line":2,"column":2}},"loc":{"start":{"line":2,"column":21},"end":{"line":5,"column":2}},"line":2},"1":{"name":"(anonymous_1)","decl":{"start":{"line":7,"column":1},"end":{"line":7,"column":2}},"loc":{"start":{"line":7,"column":7},"end":{"line":9,"column":2}},"line":7},"2":{"name":"(anonymous_2)","decl":{"start":{"line":11,"column":1},"end":{"line":11,"column":2}},"loc":{"start":{"line":11,"column":10},"end":{"line":13,"column":2}},"line":11}},"branchMap":{"0":{"loc":{"start":{"line":8,"column":2},"end":{"line":8,"column":56}},"type":"if","locations":[{"start":{"line":8,"column":2},"end":{"line":8,"column":56}},{"start":{},"end":{}}],"line":8}},"s":{"0":90,"1":90,"2":14,"3":13,"4":2},"f":{"0":90,"1":14,"2":2},"b":{"0":[13,1]},"_coverageSchema":"1a1c01bbd47fc00a2c39e90264f33305004495a9","hash":"b234fb08bf2b0a80b0be0615573d9fd033c99772"}
}
