TN:
SF:src/game-logic/gameboard.js
FN:5,(anonymous_0)
FN:6,(anonymous_1)
FN:11,(anonymous_2)
FN:13,(anonymous_3)
FN:14,(anonymous_4)
FN:17,(anonymous_5)
FN:31,(anonymous_6)
FN:38,(anonymous_7)
FN:45,(anonymous_8)
FN:62,(anonymous_9)
FN:66,(anonymous_10)
FNF:11
FNH:7
FNDA:2,(anonymous_0)
FNDA:20,(anonymous_1)
FNDA:2582,(anonymous_2)
FNDA:0,(anonymous_3)
FNDA:0,(anonymous_4)
FNDA:510,(anonymous_5)
FNDA:10,(anonymous_6)
FNDA:10,(anonymous_7)
FNDA:5,(anonymous_8)
FNDA:0,(anonymous_9)
FNDA:0,(anonymous_10)
DA:6,20
DA:7,2
DA:8,2
DA:11,2582
DA:14,0
DA:18,510
DA:19,510
DA:20,510
DA:21,1535
DA:22,1535
DA:23,0
DA:25,175
DA:28,335
DA:32,10
DA:35,10
DA:39,10
DA:46,5
DA:48,5
DA:49,5
DA:50,5
DA:51,17
DA:52,17
DA:54,0
DA:56,17
DA:59,5
DA:63,0
DA:67,0
DA:69,0
DA:70,0
DA:71,0
DA:74,0
DA:76,0
DA:77,0
DA:79,0
LF:34
LH:22
BRDA:18,0,0,510
BRDA:18,0,1,0
BRDA:19,1,0,510
BRDA:19,1,1,0
BRDA:21,2,0,1535
BRDA:21,2,1,0
BRDA:22,3,0,1360
BRDA:22,3,1,175
BRDA:23,4,0,0
BRDA:23,4,1,0
BRDA:32,5,0,10
BRDA:32,5,1,0
BRDA:35,6,0,10
BRDA:35,6,1,10
BRDA:35,6,2,10
BRDA:35,6,3,10
BRDA:35,6,4,10
BRDA:40,7,0,10
BRDA:40,7,1,10
BRDA:46,8,0,0
BRDA:46,8,1,5
BRDA:51,9,0,17
BRDA:51,9,1,0
BRDA:67,10,0,0
BRDA:67,10,1,0
BRDA:67,11,0,0
BRDA:67,11,1,0
BRDA:67,11,2,0
BRDA:67,11,3,0
BRDA:69,12,0,0
BRDA:69,12,1,0
BRDA:74,13,0,0
BRDA:74,13,1,0
BRF:33
BRH:15
end_of_record
TN:
SF:src/game-logic/player.js
FN:2,(anonymous_0)
FN:7,(anonymous_1)
FN:10,(anonymous_2)
FN:20,(anonymous_3)
FN:23,(anonymous_4)
FN:26,(anonymous_5)
FN:28,(anonymous_6)
FNF:7
FNH:7
FNDA:2,(anonymous_0)
FNDA:10,(anonymous_1)
FNDA:1,(anonymous_2)
FNDA:5,(anonymous_3)
FNDA:5,(anonymous_4)
FNDA:1,(anonymous_5)
FNDA:5,(anonymous_6)
DA:3,2
DA:4,2
DA:7,10
DA:11,1
DA:12,1
DA:13,4
DA:14,4
DA:17,1
DA:20,1
DA:21,5
DA:23,1
DA:24,5
DA:27,1
DA:28,1
DA:29,5
DA:30,5
DA:32,5
DA:33,5
DA:35,5
DA:36,500
DA:38,5
DA:39,5
DA:42,500
DA:43,500
DA:45,500
DA:46,300
DA:47,300
DA:49,200
DA:50,200
LF:29
LH:29
BRDA:21,0,0,3
BRDA:21,0,1,2
BRDA:35,1,0,505
BRDA:35,1,1,502
BRDA:36,2,0,5
BRDA:36,2,1,495
BRDA:36,3,0,500
BRDA:36,3,1,50
BRDA:43,4,0,330
BRDA:43,4,1,170
BRDA:45,5,0,300
BRDA:45,5,1,200
BRDA:46,6,0,30
BRDA:46,6,1,270
BRDA:47,7,0,270
BRDA:47,7,1,30
BRDA:49,8,0,20
BRDA:49,8,1,180
BRDA:50,9,0,180
BRDA:50,9,1,20
BRF:20
BRH:20
end_of_record
TN:
SF:src/game-logic/ship.js
FN:2,(anonymous_0)
FN:8,(anonymous_1)
FN:12,(anonymous_2)
FNF:3
FNH:3
FNDA:60,(anonymous_0)
FNDA:14,(anonymous_1)
FNDA:2,(anonymous_2)
DA:3,60
DA:4,60
DA:5,60
DA:9,14
DA:13,2
LF:5
LH:5
BRDA:9,0,0,13
BRDA:9,0,1,1
BRF:2
BRH:2
end_of_record
