TN:
SF:src/game-logic/player.js
FN:5,(anonymous_0)
FN:21,(anonymous_1)
FN:24,(anonymous_2)
FN:34,(anonymous_3)
FN:37,(anonymous_4)
FN:40,(anonymous_5)
FN:50,(anonymous_6)
FN:54,(anonymous_7)
FN:72,(anonymous_8)
FN:86,(anonymous_9)
FN:91,(anonymous_10)
FNF:11
FNH:10
FNDA:37,(anonymous_0)
FNDA:82,(anonymous_1)
FNDA:8,(anonymous_2)
FNDA:40,(anonymous_3)
FNDA:42,(anonymous_4)
FNDA:0,(anonymous_5)
FNDA:8,(anonymous_6)
FNDA:40,(anonymous_7)
FNDA:2,(anonymous_8)
FNDA:1,(anonymous_9)
FNDA:2,(anonymous_10)
DA:6,37
DA:7,37
DA:8,37
DA:9,37
DA:10,37
DA:11,37
DA:12,37
DA:21,82
DA:25,8
DA:26,8
DA:27,32
DA:28,32
DA:31,8
DA:34,2
DA:35,40
DA:37,2
DA:38,42
DA:41,0
DA:51,8
DA:53,8
DA:54,8
DA:55,40
DA:56,40
DA:57,40
DA:58,400
DA:59,4000
DA:62,2627
DA:67,40
DA:68,40
DA:73,2
DA:74,2
DA:75,2
DA:76,20
DA:77,200
DA:78,166
DA:83,2
DA:87,1
DA:88,1
DA:92,2
DA:96,2
DA:98,2
LF:41
LH:40
BRDA:35,0,0,24
BRDA:35,0,1,16
BRDA:59,1,0,2627
BRDA:59,1,1,1373
BRDA:77,2,0,166
BRDA:77,2,1,34
BRF:6
BRH:6
end_of_record
